ERROR - 2023-12-17 02:57:14 --> Table 'ci-blog.admin' doesn't exist
ERROR - 2023-12-17 02:57:14 --> Can't create table `ci-blog`.`posts` (errno: 150 "Foreign key constraint is incorrectly formed")
ERROR - 2023-12-17 03:39:27 --> Table 'ci-blog.posts' doesn't exist
ERROR - 2023-12-17 03:39:27 --> Table 'ci-blog.posts' doesn't exist
CRITICAL - 2023-12-17 03:39:27 --> Call to a member function getResult() on bool
#0 C:\xampp1\htdocs\FP-PBKK\vendor\codeigniter4\framework\system\BaseModel.php(584): CodeIgniter\Model->doFindAll(3, 0)
#1 C:\xampp1\htdocs\FP-PBKK\vendor\codeigniter4\framework\system\BaseModel.php(1088): CodeIgniter\BaseModel->findAll(3, 0)
#2 C:\xampp1\htdocs\FP-PBKK\app\Models\PostsModel.php(86): CodeIgniter\BaseModel->paginate(3, 'dt')
#3 C:\xampp1\htdocs\FP-PBKK\app\Controllers\Admin\Article.php(42): App\Models\PostsModel->listPost('article', 3, NULL, 'dt')
#4 C:\xampp1\htdocs\FP-PBKK\vendor\codeigniter4\framework\system\CodeIgniter.php(832): App\Controllers\Admin\Article->index()
#5 C:\xampp1\htdocs\FP-PBKK\vendor\codeigniter4\framework\system\CodeIgniter.php(419): CodeIgniter\CodeIgniter->runController(Object(App\Controllers\Admin\Article))
#6 C:\xampp1\htdocs\FP-PBKK\vendor\codeigniter4\framework\system\CodeIgniter.php(326): CodeIgniter\CodeIgniter->handleRequest(NULL, Object(Config\Cache), false)
#7 C:\xampp1\htdocs\FP-PBKK\public\index.php(37): CodeIgniter\CodeIgniter->run()
#8 C:\xampp1\htdocs\FP-PBKK\vendor\codeigniter4\framework\system\Commands\Server\rewrite.php(43): require_once('C:\\xampp1\\htdoc...')
#9 {main}
ERROR - 2023-12-17 03:49:04 --> Table 'ci-blog.posts' doesn't exist
ERROR - 2023-12-17 03:49:04 --> Table 'ci-blog.posts' doesn't exist
CRITICAL - 2023-12-17 03:49:04 --> Call to a member function getResult() on bool
#0 C:\xampp1\htdocs\FP-PBKK\vendor\codeigniter4\framework\system\BaseModel.php(584): CodeIgniter\Model->doFindAll(3, 0)
#1 C:\xampp1\htdocs\FP-PBKK\vendor\codeigniter4\framework\system\BaseModel.php(1088): CodeIgniter\BaseModel->findAll(3, 0)
#2 C:\xampp1\htdocs\FP-PBKK\app\Models\PostsModel.php(86): CodeIgniter\BaseModel->paginate(3, 'dt')
#3 C:\xampp1\htdocs\FP-PBKK\app\Controllers\Admin\Article.php(42): App\Models\PostsModel->listPost('article', 3, NULL, 'dt')
#4 C:\xampp1\htdocs\FP-PBKK\vendor\codeigniter4\framework\system\CodeIgniter.php(832): App\Controllers\Admin\Article->index()
#5 C:\xampp1\htdocs\FP-PBKK\vendor\codeigniter4\framework\system\CodeIgniter.php(419): CodeIgniter\CodeIgniter->runController(Object(App\Controllers\Admin\Article))
#6 C:\xampp1\htdocs\FP-PBKK\vendor\codeigniter4\framework\system\CodeIgniter.php(326): CodeIgniter\CodeIgniter->handleRequest(NULL, Object(Config\Cache), false)
#7 C:\xampp1\htdocs\FP-PBKK\public\index.php(37): CodeIgniter\CodeIgniter->run()
#8 C:\xampp1\htdocs\FP-PBKK\vendor\codeigniter4\framework\system\Commands\Server\rewrite.php(43): require_once('C:\\xampp1\\htdoc...')
#9 {main}
ERROR - 2023-12-17 03:49:07 --> Table 'ci-blog.posts' doesn't exist
ERROR - 2023-12-17 03:49:07 --> Table 'ci-blog.posts' doesn't exist
CRITICAL - 2023-12-17 03:49:07 --> Call to a member function getResult() on bool
#0 C:\xampp1\htdocs\FP-PBKK\vendor\codeigniter4\framework\system\BaseModel.php(584): CodeIgniter\Model->doFindAll(3, 0)
#1 C:\xampp1\htdocs\FP-PBKK\vendor\codeigniter4\framework\system\BaseModel.php(1088): CodeIgniter\BaseModel->findAll(3, 0)
#2 C:\xampp1\htdocs\FP-PBKK\app\Models\PostsModel.php(86): CodeIgniter\BaseModel->paginate(3, 'dt')
#3 C:\xampp1\htdocs\FP-PBKK\app\Controllers\Admin\Article.php(42): App\Models\PostsModel->listPost('article', 3, NULL, 'dt')
#4 C:\xampp1\htdocs\FP-PBKK\vendor\codeigniter4\framework\system\CodeIgniter.php(832): App\Controllers\Admin\Article->index()
#5 C:\xampp1\htdocs\FP-PBKK\vendor\codeigniter4\framework\system\CodeIgniter.php(419): CodeIgniter\CodeIgniter->runController(Object(App\Controllers\Admin\Article))
#6 C:\xampp1\htdocs\FP-PBKK\vendor\codeigniter4\framework\system\CodeIgniter.php(326): CodeIgniter\CodeIgniter->handleRequest(NULL, Object(Config\Cache), false)
#7 C:\xampp1\htdocs\FP-PBKK\public\index.php(37): CodeIgniter\CodeIgniter->run()
#8 C:\xampp1\htdocs\FP-PBKK\vendor\codeigniter4\framework\system\Commands\Server\rewrite.php(43): require_once('C:\\xampp1\\htdoc...')
#9 {main}
ERROR - 2023-12-17 03:49:12 --> Table 'ci-blog.posts' doesn't exist
ERROR - 2023-12-17 03:49:12 --> Table 'ci-blog.posts' doesn't exist
CRITICAL - 2023-12-17 03:49:12 --> Call to a member function getResult() on bool
#0 C:\xampp1\htdocs\FP-PBKK\vendor\codeigniter4\framework\system\BaseModel.php(584): CodeIgniter\Model->doFindAll(3, 0)
#1 C:\xampp1\htdocs\FP-PBKK\vendor\codeigniter4\framework\system\BaseModel.php(1088): CodeIgniter\BaseModel->findAll(3, 0)
#2 C:\xampp1\htdocs\FP-PBKK\app\Models\PostsModel.php(86): CodeIgniter\BaseModel->paginate(3, 'dt')
#3 C:\xampp1\htdocs\FP-PBKK\app\Controllers\Admin\Article.php(42): App\Models\PostsModel->listPost('article', 3, NULL, 'dt')
#4 C:\xampp1\htdocs\FP-PBKK\vendor\codeigniter4\framework\system\CodeIgniter.php(832): App\Controllers\Admin\Article->index()
#5 C:\xampp1\htdocs\FP-PBKK\vendor\codeigniter4\framework\system\CodeIgniter.php(419): CodeIgniter\CodeIgniter->runController(Object(App\Controllers\Admin\Article))
#6 C:\xampp1\htdocs\FP-PBKK\vendor\codeigniter4\framework\system\CodeIgniter.php(326): CodeIgniter\CodeIgniter->handleRequest(NULL, Object(Config\Cache), false)
#7 C:\xampp1\htdocs\FP-PBKK\public\index.php(37): CodeIgniter\CodeIgniter->run()
#8 C:\xampp1\htdocs\FP-PBKK\vendor\codeigniter4\framework\system\Commands\Server\rewrite.php(43): require_once('C:\\xampp1\\htdoc...')
#9 {main}
ERROR - 2023-12-17 03:49:15 --> Table 'ci-blog.posts' doesn't exist
ERROR - 2023-12-17 03:49:15 --> Table 'ci-blog.posts' doesn't exist
CRITICAL - 2023-12-17 03:49:15 --> Call to a member function getResult() on bool
#0 C:\xampp1\htdocs\FP-PBKK\vendor\codeigniter4\framework\system\BaseModel.php(584): CodeIgniter\Model->doFindAll(3, 0)
#1 C:\xampp1\htdocs\FP-PBKK\vendor\codeigniter4\framework\system\BaseModel.php(1088): CodeIgniter\BaseModel->findAll(3, 0)
#2 C:\xampp1\htdocs\FP-PBKK\app\Models\PostsModel.php(86): CodeIgniter\BaseModel->paginate(3, 'dt')
#3 C:\xampp1\htdocs\FP-PBKK\app\Controllers\Admin\Article.php(42): App\Models\PostsModel->listPost('article', 3, NULL, 'dt')
#4 C:\xampp1\htdocs\FP-PBKK\vendor\codeigniter4\framework\system\CodeIgniter.php(832): App\Controllers\Admin\Article->index()
#5 C:\xampp1\htdocs\FP-PBKK\vendor\codeigniter4\framework\system\CodeIgniter.php(419): CodeIgniter\CodeIgniter->runController(Object(App\Controllers\Admin\Article))
#6 C:\xampp1\htdocs\FP-PBKK\vendor\codeigniter4\framework\system\CodeIgniter.php(326): CodeIgniter\CodeIgniter->handleRequest(NULL, Object(Config\Cache), false)
#7 C:\xampp1\htdocs\FP-PBKK\public\index.php(37): CodeIgniter\CodeIgniter->run()
#8 C:\xampp1\htdocs\FP-PBKK\vendor\codeigniter4\framework\system\Commands\Server\rewrite.php(43): require_once('C:\\xampp1\\htdoc...')
#9 {main}
ERROR - 2023-12-17 04:38:26 --> Table 'ci-blog.posts' doesn't exist
CRITICAL - 2023-12-17 04:38:26 --> Table 'ci-blog.posts' doesn't exist
#0 C:\xampp1\htdocs\FP-PBKK\vendor\codeigniter4\framework\system\Database\MySQLi\Connection.php(292): mysqli->query('SELECT COUNT(*)...', 0)
#1 C:\xampp1\htdocs\FP-PBKK\vendor\codeigniter4\framework\system\Database\BaseConnection.php(670): CodeIgniter\Database\MySQLi\Connection->execute('SELECT COUNT(*)...')
#2 C:\xampp1\htdocs\FP-PBKK\vendor\codeigniter4\framework\system\Database\BaseConnection.php(598): CodeIgniter\Database\BaseConnection->simpleQuery('SELECT COUNT(*)...')
#3 C:\xampp1\htdocs\FP-PBKK\vendor\codeigniter4\framework\system\Database\BaseBuilder.php(1539): CodeIgniter\Database\BaseConnection->query('SELECT COUNT(*)...', Array, false)
#4 C:\xampp1\htdocs\FP-PBKK\vendor\codeigniter4\framework\system\Model.php(509): CodeIgniter\Database\BaseBuilder->countAllResults(false)
#5 C:\xampp1\htdocs\FP-PBKK\vendor\codeigniter4\framework\system\BaseModel.php(1084): CodeIgniter\Model->countAllResults(false)
#6 C:\xampp1\htdocs\FP-PBKK\app\Models\PostsModel.php(86): CodeIgniter\BaseModel->paginate(3, 'dt')
#7 C:\xampp1\htdocs\FP-PBKK\app\Controllers\Admin\Article.php(42): App\Models\PostsModel->listPost('article', 3, NULL, 'dt')
#8 C:\xampp1\htdocs\FP-PBKK\vendor\codeigniter4\framework\system\CodeIgniter.php(832): App\Controllers\Admin\Article->index()
#9 C:\xampp1\htdocs\FP-PBKK\vendor\codeigniter4\framework\system\CodeIgniter.php(419): CodeIgniter\CodeIgniter->runController(Object(App\Controllers\Admin\Article))
#10 C:\xampp1\htdocs\FP-PBKK\vendor\codeigniter4\framework\system\CodeIgniter.php(326): CodeIgniter\CodeIgniter->handleRequest(NULL, Object(Config\Cache), false)
#11 C:\xampp1\htdocs\FP-PBKK\public\index.php(37): CodeIgniter\CodeIgniter->run()
#12 C:\xampp1\htdocs\FP-PBKK\vendor\codeigniter4\framework\system\Commands\Server\rewrite.php(43): require_once('C:\\xampp1\\htdoc...')
#13 {main}
ERROR - 2023-12-17 04:43:38 --> Table 'ci-blog.posts' doesn't exist
CRITICAL - 2023-12-17 04:43:38 --> Table 'ci-blog.posts' doesn't exist
#0 C:\xampp1\htdocs\FP-PBKK\vendor\codeigniter4\framework\system\Database\MySQLi\Connection.php(292): mysqli->query('SELECT COUNT(*)...', 0)
#1 C:\xampp1\htdocs\FP-PBKK\vendor\codeigniter4\framework\system\Database\BaseConnection.php(670): CodeIgniter\Database\MySQLi\Connection->execute('SELECT COUNT(*)...')
#2 C:\xampp1\htdocs\FP-PBKK\vendor\codeigniter4\framework\system\Database\BaseConnection.php(598): CodeIgniter\Database\BaseConnection->simpleQuery('SELECT COUNT(*)...')
#3 C:\xampp1\htdocs\FP-PBKK\vendor\codeigniter4\framework\system\Database\BaseBuilder.php(1539): CodeIgniter\Database\BaseConnection->query('SELECT COUNT(*)...', Array, false)
#4 C:\xampp1\htdocs\FP-PBKK\vendor\codeigniter4\framework\system\Model.php(509): CodeIgniter\Database\BaseBuilder->countAllResults(false)
#5 C:\xampp1\htdocs\FP-PBKK\vendor\codeigniter4\framework\system\BaseModel.php(1084): CodeIgniter\Model->countAllResults(false)
#6 C:\xampp1\htdocs\FP-PBKK\app\Models\PostsModel.php(86): CodeIgniter\BaseModel->paginate(3, 'dt')
#7 C:\xampp1\htdocs\FP-PBKK\app\Controllers\Admin\Article.php(42): App\Models\PostsModel->listPost('article', 3, NULL, 'dt')
#8 C:\xampp1\htdocs\FP-PBKK\vendor\codeigniter4\framework\system\CodeIgniter.php(832): App\Controllers\Admin\Article->index()
#9 C:\xampp1\htdocs\FP-PBKK\vendor\codeigniter4\framework\system\CodeIgniter.php(419): CodeIgniter\CodeIgniter->runController(Object(App\Controllers\Admin\Article))
#10 C:\xampp1\htdocs\FP-PBKK\vendor\codeigniter4\framework\system\CodeIgniter.php(326): CodeIgniter\CodeIgniter->handleRequest(NULL, Object(Config\Cache), false)
#11 C:\xampp1\htdocs\FP-PBKK\public\index.php(37): CodeIgniter\CodeIgniter->run()
#12 C:\xampp1\htdocs\FP-PBKK\vendor\codeigniter4\framework\system\Commands\Server\rewrite.php(43): require_once('C:\\xampp1\\htdoc...')
#13 {main}
ERROR - 2023-12-17 04:43:42 --> Table 'ci-blog.posts' doesn't exist
CRITICAL - 2023-12-17 04:43:42 --> Table 'ci-blog.posts' doesn't exist
#0 C:\xampp1\htdocs\FP-PBKK\vendor\codeigniter4\framework\system\Database\MySQLi\Connection.php(292): mysqli->query('SELECT COUNT(*)...', 0)
#1 C:\xampp1\htdocs\FP-PBKK\vendor\codeigniter4\framework\system\Database\BaseConnection.php(670): CodeIgniter\Database\MySQLi\Connection->execute('SELECT COUNT(*)...')
#2 C:\xampp1\htdocs\FP-PBKK\vendor\codeigniter4\framework\system\Database\BaseConnection.php(598): CodeIgniter\Database\BaseConnection->simpleQuery('SELECT COUNT(*)...')
#3 C:\xampp1\htdocs\FP-PBKK\vendor\codeigniter4\framework\system\Database\BaseBuilder.php(1539): CodeIgniter\Database\BaseConnection->query('SELECT COUNT(*)...', Array, false)
#4 C:\xampp1\htdocs\FP-PBKK\vendor\codeigniter4\framework\system\Model.php(509): CodeIgniter\Database\BaseBuilder->countAllResults(false)
#5 C:\xampp1\htdocs\FP-PBKK\vendor\codeigniter4\framework\system\BaseModel.php(1084): CodeIgniter\Model->countAllResults(false)
#6 C:\xampp1\htdocs\FP-PBKK\app\Models\PostsModel.php(86): CodeIgniter\BaseModel->paginate(3, 'dt')
#7 C:\xampp1\htdocs\FP-PBKK\app\Controllers\Admin\Article.php(42): App\Models\PostsModel->listPost('article', 3, NULL, 'dt')
#8 C:\xampp1\htdocs\FP-PBKK\vendor\codeigniter4\framework\system\CodeIgniter.php(832): App\Controllers\Admin\Article->index()
#9 C:\xampp1\htdocs\FP-PBKK\vendor\codeigniter4\framework\system\CodeIgniter.php(419): CodeIgniter\CodeIgniter->runController(Object(App\Controllers\Admin\Article))
#10 C:\xampp1\htdocs\FP-PBKK\vendor\codeigniter4\framework\system\CodeIgniter.php(326): CodeIgniter\CodeIgniter->handleRequest(NULL, Object(Config\Cache), false)
#11 C:\xampp1\htdocs\FP-PBKK\public\index.php(37): CodeIgniter\CodeIgniter->run()
#12 C:\xampp1\htdocs\FP-PBKK\vendor\codeigniter4\framework\system\Commands\Server\rewrite.php(43): require_once('C:\\xampp1\\htdoc...')
#13 {main}
ERROR - 2023-12-17 04:43:46 --> Table 'ci-blog.posts' doesn't exist
CRITICAL - 2023-12-17 04:43:46 --> Table 'ci-blog.posts' doesn't exist
#0 C:\xampp1\htdocs\FP-PBKK\vendor\codeigniter4\framework\system\Database\MySQLi\Connection.php(292): mysqli->query('SELECT COUNT(*)...', 0)
#1 C:\xampp1\htdocs\FP-PBKK\vendor\codeigniter4\framework\system\Database\BaseConnection.php(670): CodeIgniter\Database\MySQLi\Connection->execute('SELECT COUNT(*)...')
#2 C:\xampp1\htdocs\FP-PBKK\vendor\codeigniter4\framework\system\Database\BaseConnection.php(598): CodeIgniter\Database\BaseConnection->simpleQuery('SELECT COUNT(*)...')
#3 C:\xampp1\htdocs\FP-PBKK\vendor\codeigniter4\framework\system\Database\BaseBuilder.php(1539): CodeIgniter\Database\BaseConnection->query('SELECT COUNT(*)...', Array, false)
#4 C:\xampp1\htdocs\FP-PBKK\vendor\codeigniter4\framework\system\Model.php(509): CodeIgniter\Database\BaseBuilder->countAllResults(false)
#5 C:\xampp1\htdocs\FP-PBKK\vendor\codeigniter4\framework\system\BaseModel.php(1084): CodeIgniter\Model->countAllResults(false)
#6 C:\xampp1\htdocs\FP-PBKK\app\Models\PostsModel.php(86): CodeIgniter\BaseModel->paginate(3, 'dt')
#7 C:\xampp1\htdocs\FP-PBKK\app\Controllers\Admin\Article.php(42): App\Models\PostsModel->listPost('article', 3, NULL, 'dt')
#8 C:\xampp1\htdocs\FP-PBKK\vendor\codeigniter4\framework\system\CodeIgniter.php(832): App\Controllers\Admin\Article->index()
#9 C:\xampp1\htdocs\FP-PBKK\vendor\codeigniter4\framework\system\CodeIgniter.php(419): CodeIgniter\CodeIgniter->runController(Object(App\Controllers\Admin\Article))
#10 C:\xampp1\htdocs\FP-PBKK\vendor\codeigniter4\framework\system\CodeIgniter.php(326): CodeIgniter\CodeIgniter->handleRequest(NULL, Object(Config\Cache), false)
#11 C:\xampp1\htdocs\FP-PBKK\public\index.php(37): CodeIgniter\CodeIgniter->run()
#12 C:\xampp1\htdocs\FP-PBKK\vendor\codeigniter4\framework\system\Commands\Server\rewrite.php(43): require_once('C:\\xampp1\\htdoc...')
#13 {main}
ERROR - 2023-12-17 04:44:33 --> Duplicate entry 'admin' for key 'username'
ERROR - 2023-12-17 04:45:22 --> Table 'ci-blog.posts' doesn't exist
CRITICAL - 2023-12-17 04:45:22 --> Table 'ci-blog.posts' doesn't exist
#0 C:\xampp1\htdocs\FP-PBKK\vendor\codeigniter4\framework\system\Database\MySQLi\Connection.php(292): mysqli->query('SELECT COUNT(*)...', 0)
#1 C:\xampp1\htdocs\FP-PBKK\vendor\codeigniter4\framework\system\Database\BaseConnection.php(670): CodeIgniter\Database\MySQLi\Connection->execute('SELECT COUNT(*)...')
#2 C:\xampp1\htdocs\FP-PBKK\vendor\codeigniter4\framework\system\Database\BaseConnection.php(598): CodeIgniter\Database\BaseConnection->simpleQuery('SELECT COUNT(*)...')
#3 C:\xampp1\htdocs\FP-PBKK\vendor\codeigniter4\framework\system\Database\BaseBuilder.php(1539): CodeIgniter\Database\BaseConnection->query('SELECT COUNT(*)...', Array, false)
#4 C:\xampp1\htdocs\FP-PBKK\vendor\codeigniter4\framework\system\Model.php(509): CodeIgniter\Database\BaseBuilder->countAllResults(false)
#5 C:\xampp1\htdocs\FP-PBKK\vendor\codeigniter4\framework\system\BaseModel.php(1084): CodeIgniter\Model->countAllResults(false)
#6 C:\xampp1\htdocs\FP-PBKK\app\Models\PostsModel.php(86): CodeIgniter\BaseModel->paginate(3, 'dt')
#7 C:\xampp1\htdocs\FP-PBKK\app\Controllers\Admin\Article.php(42): App\Models\PostsModel->listPost('article', 3, NULL, 'dt')
#8 C:\xampp1\htdocs\FP-PBKK\vendor\codeigniter4\framework\system\CodeIgniter.php(832): App\Controllers\Admin\Article->index()
#9 C:\xampp1\htdocs\FP-PBKK\vendor\codeigniter4\framework\system\CodeIgniter.php(419): CodeIgniter\CodeIgniter->runController(Object(App\Controllers\Admin\Article))
#10 C:\xampp1\htdocs\FP-PBKK\vendor\codeigniter4\framework\system\CodeIgniter.php(326): CodeIgniter\CodeIgniter->handleRequest(NULL, Object(Config\Cache), false)
#11 C:\xampp1\htdocs\FP-PBKK\public\index.php(37): CodeIgniter\CodeIgniter->run()
#12 C:\xampp1\htdocs\FP-PBKK\vendor\codeigniter4\framework\system\Commands\Server\rewrite.php(43): require_once('C:\\xampp1\\htdoc...')
#13 {main}
ERROR - 2023-12-17 04:49:07 --> Table 'ci-blog.posts' doesn't exist
CRITICAL - 2023-12-17 04:49:07 --> Table 'ci-blog.posts' doesn't exist
#0 C:\xampp1\htdocs\FP-PBKK\vendor\codeigniter4\framework\system\Database\MySQLi\Connection.php(292): mysqli->query('SELECT COUNT(*)...', 0)
#1 C:\xampp1\htdocs\FP-PBKK\vendor\codeigniter4\framework\system\Database\BaseConnection.php(670): CodeIgniter\Database\MySQLi\Connection->execute('SELECT COUNT(*)...')
#2 C:\xampp1\htdocs\FP-PBKK\vendor\codeigniter4\framework\system\Database\BaseConnection.php(598): CodeIgniter\Database\BaseConnection->simpleQuery('SELECT COUNT(*)...')
#3 C:\xampp1\htdocs\FP-PBKK\vendor\codeigniter4\framework\system\Database\BaseBuilder.php(1539): CodeIgniter\Database\BaseConnection->query('SELECT COUNT(*)...', Array, false)
#4 C:\xampp1\htdocs\FP-PBKK\vendor\codeigniter4\framework\system\Model.php(509): CodeIgniter\Database\BaseBuilder->countAllResults(false)
#5 C:\xampp1\htdocs\FP-PBKK\vendor\codeigniter4\framework\system\BaseModel.php(1084): CodeIgniter\Model->countAllResults(false)
#6 C:\xampp1\htdocs\FP-PBKK\app\Models\PostsModel.php(86): CodeIgniter\BaseModel->paginate(3, 'dt')
#7 C:\xampp1\htdocs\FP-PBKK\app\Controllers\Admin\Article.php(42): App\Models\PostsModel->listPost('article', 3, NULL, 'dt')
#8 C:\xampp1\htdocs\FP-PBKK\vendor\codeigniter4\framework\system\CodeIgniter.php(832): App\Controllers\Admin\Article->index()
#9 C:\xampp1\htdocs\FP-PBKK\vendor\codeigniter4\framework\system\CodeIgniter.php(419): CodeIgniter\CodeIgniter->runController(Object(App\Controllers\Admin\Article))
#10 C:\xampp1\htdocs\FP-PBKK\vendor\codeigniter4\framework\system\CodeIgniter.php(326): CodeIgniter\CodeIgniter->handleRequest(NULL, Object(Config\Cache), false)
#11 C:\xampp1\htdocs\FP-PBKK\public\index.php(37): CodeIgniter\CodeIgniter->run()
#12 C:\xampp1\htdocs\FP-PBKK\vendor\codeigniter4\framework\system\Commands\Server\rewrite.php(43): require_once('C:\\xampp1\\htdoc...')
#13 {main}
ERROR - 2023-12-17 04:59:44 --> Table 'ci-blog.posts' doesn't exist
CRITICAL - 2023-12-17 04:59:44 --> Table 'ci-blog.posts' doesn't exist
#0 C:\xampp1\htdocs\FP-PBKK\vendor\codeigniter4\framework\system\Database\MySQLi\Connection.php(292): mysqli->query('SELECT COUNT(*)...', 0)
#1 C:\xampp1\htdocs\FP-PBKK\vendor\codeigniter4\framework\system\Database\BaseConnection.php(670): CodeIgniter\Database\MySQLi\Connection->execute('SELECT COUNT(*)...')
#2 C:\xampp1\htdocs\FP-PBKK\vendor\codeigniter4\framework\system\Database\BaseConnection.php(598): CodeIgniter\Database\BaseConnection->simpleQuery('SELECT COUNT(*)...')
#3 C:\xampp1\htdocs\FP-PBKK\vendor\codeigniter4\framework\system\Database\BaseBuilder.php(1539): CodeIgniter\Database\BaseConnection->query('SELECT COUNT(*)...', Array, false)
#4 C:\xampp1\htdocs\FP-PBKK\vendor\codeigniter4\framework\system\Model.php(509): CodeIgniter\Database\BaseBuilder->countAllResults(false)
#5 C:\xampp1\htdocs\FP-PBKK\vendor\codeigniter4\framework\system\BaseModel.php(1084): CodeIgniter\Model->countAllResults(false)
#6 C:\xampp1\htdocs\FP-PBKK\app\Models\PostsModel.php(86): CodeIgniter\BaseModel->paginate(3, 'dt')
#7 C:\xampp1\htdocs\FP-PBKK\app\Controllers\Admin\Article.php(42): App\Models\PostsModel->listPost('article', 3, NULL, 'dt')
#8 C:\xampp1\htdocs\FP-PBKK\vendor\codeigniter4\framework\system\CodeIgniter.php(832): App\Controllers\Admin\Article->index()
#9 C:\xampp1\htdocs\FP-PBKK\vendor\codeigniter4\framework\system\CodeIgniter.php(419): CodeIgniter\CodeIgniter->runController(Object(App\Controllers\Admin\Article))
#10 C:\xampp1\htdocs\FP-PBKK\vendor\codeigniter4\framework\system\CodeIgniter.php(326): CodeIgniter\CodeIgniter->handleRequest(NULL, Object(Config\Cache), false)
#11 C:\xampp1\htdocs\FP-PBKK\public\index.php(37): CodeIgniter\CodeIgniter->run()
#12 C:\xampp1\htdocs\FP-PBKK\vendor\codeigniter4\framework\system\Commands\Server\rewrite.php(43): require_once('C:\\xampp1\\htdoc...')
#13 {main}
CRITICAL - 2023-12-17 08:07:22 --> Trying to access array offset on value of type null
#0 C:\xampp1\htdocs\FP-PBKK\app\Controllers\Home.php(26): CodeIgniter\Debug\Exceptions->errorHandler(2, 'Trying to acces...', 'C:\\xampp1\\htdoc...', 26)
#1 C:\xampp1\htdocs\FP-PBKK\vendor\codeigniter4\framework\system\CodeIgniter.php(832): App\Controllers\Home->index()
#2 C:\xampp1\htdocs\FP-PBKK\vendor\codeigniter4\framework\system\CodeIgniter.php(419): CodeIgniter\CodeIgniter->runController(Object(App\Controllers\Home))
#3 C:\xampp1\htdocs\FP-PBKK\vendor\codeigniter4\framework\system\CodeIgniter.php(326): CodeIgniter\CodeIgniter->handleRequest(NULL, Object(Config\Cache), false)
#4 C:\xampp1\htdocs\FP-PBKK\public\index.php(37): CodeIgniter\CodeIgniter->run()
#5 C:\xampp1\htdocs\FP-PBKK\vendor\codeigniter4\framework\system\Commands\Server\rewrite.php(43): require_once('C:\\xampp1\\htdoc...')
#6 {main}
CRITICAL - 2023-12-17 08:11:22 --> Trying to access array offset on value of type null
#0 C:\xampp1\htdocs\FP-PBKK\app\Controllers\Home.php(26): CodeIgniter\Debug\Exceptions->errorHandler(2, 'Trying to acces...', 'C:\\xampp1\\htdoc...', 26)
#1 C:\xampp1\htdocs\FP-PBKK\vendor\codeigniter4\framework\system\CodeIgniter.php(832): App\Controllers\Home->index()
#2 C:\xampp1\htdocs\FP-PBKK\vendor\codeigniter4\framework\system\CodeIgniter.php(419): CodeIgniter\CodeIgniter->runController(Object(App\Controllers\Home))
#3 C:\xampp1\htdocs\FP-PBKK\vendor\codeigniter4\framework\system\CodeIgniter.php(326): CodeIgniter\CodeIgniter->handleRequest(NULL, Object(Config\Cache), false)
#4 C:\xampp1\htdocs\FP-PBKK\public\index.php(37): CodeIgniter\CodeIgniter->run()
#5 C:\xampp1\htdocs\FP-PBKK\vendor\codeigniter4\framework\system\Commands\Server\rewrite.php(43): require_once('C:\\xampp1\\htdoc...')
#6 {main}
CRITICAL - 2023-12-17 08:13:01 --> Trying to access array offset on value of type null
#0 C:\xampp1\htdocs\FP-PBKK\app\Controllers\Home.php(26): CodeIgniter\Debug\Exceptions->errorHandler(2, 'Trying to acces...', 'C:\\xampp1\\htdoc...', 26)
#1 C:\xampp1\htdocs\FP-PBKK\vendor\codeigniter4\framework\system\CodeIgniter.php(832): App\Controllers\Home->index()
#2 C:\xampp1\htdocs\FP-PBKK\vendor\codeigniter4\framework\system\CodeIgniter.php(419): CodeIgniter\CodeIgniter->runController(Object(App\Controllers\Home))
#3 C:\xampp1\htdocs\FP-PBKK\vendor\codeigniter4\framework\system\CodeIgniter.php(326): CodeIgniter\CodeIgniter->handleRequest(NULL, Object(Config\Cache), false)
#4 C:\xampp1\htdocs\FP-PBKK\public\index.php(37): CodeIgniter\CodeIgniter->run()
#5 C:\xampp1\htdocs\FP-PBKK\vendor\codeigniter4\framework\system\Commands\Server\rewrite.php(43): require_once('C:\\xampp1\\htdoc...')
#6 {main}
CRITICAL - 2023-12-17 08:20:06 --> Trying to access array offset on value of type null
#0 C:\xampp1\htdocs\FP-PBKK\app\Controllers\Home.php(26): CodeIgniter\Debug\Exceptions->errorHandler(2, 'Trying to acces...', 'C:\\xampp1\\htdoc...', 26)
#1 C:\xampp1\htdocs\FP-PBKK\vendor\codeigniter4\framework\system\CodeIgniter.php(832): App\Controllers\Home->index()
#2 C:\xampp1\htdocs\FP-PBKK\vendor\codeigniter4\framework\system\CodeIgniter.php(419): CodeIgniter\CodeIgniter->runController(Object(App\Controllers\Home))
#3 C:\xampp1\htdocs\FP-PBKK\vendor\codeigniter4\framework\system\CodeIgniter.php(326): CodeIgniter\CodeIgniter->handleRequest(NULL, Object(Config\Cache), false)
#4 C:\xampp1\htdocs\FP-PBKK\public\index.php(37): CodeIgniter\CodeIgniter->run()
#5 C:\xampp1\htdocs\FP-PBKK\vendor\codeigniter4\framework\system\Commands\Server\rewrite.php(43): require_once('C:\\xampp1\\htdoc...')
#6 {main}
CRITICAL - 2023-12-17 08:20:08 --> Trying to access array offset on value of type null
#0 C:\xampp1\htdocs\FP-PBKK\app\Controllers\Home.php(26): CodeIgniter\Debug\Exceptions->errorHandler(2, 'Trying to acces...', 'C:\\xampp1\\htdoc...', 26)
#1 C:\xampp1\htdocs\FP-PBKK\vendor\codeigniter4\framework\system\CodeIgniter.php(832): App\Controllers\Home->index()
#2 C:\xampp1\htdocs\FP-PBKK\vendor\codeigniter4\framework\system\CodeIgniter.php(419): CodeIgniter\CodeIgniter->runController(Object(App\Controllers\Home))
#3 C:\xampp1\htdocs\FP-PBKK\vendor\codeigniter4\framework\system\CodeIgniter.php(326): CodeIgniter\CodeIgniter->handleRequest(NULL, Object(Config\Cache), false)
#4 C:\xampp1\htdocs\FP-PBKK\public\index.php(37): CodeIgniter\CodeIgniter->run()
#5 C:\xampp1\htdocs\FP-PBKK\vendor\codeigniter4\framework\system\Commands\Server\rewrite.php(43): require_once('C:\\xampp1\\htdoc...')
#6 {main}
CRITICAL - 2023-12-17 08:20:08 --> Trying to access array offset on value of type null
#0 C:\xampp1\htdocs\FP-PBKK\app\Controllers\Home.php(26): CodeIgniter\Debug\Exceptions->errorHandler(2, 'Trying to acces...', 'C:\\xampp1\\htdoc...', 26)
#1 C:\xampp1\htdocs\FP-PBKK\vendor\codeigniter4\framework\system\CodeIgniter.php(832): App\Controllers\Home->index()
#2 C:\xampp1\htdocs\FP-PBKK\vendor\codeigniter4\framework\system\CodeIgniter.php(419): CodeIgniter\CodeIgniter->runController(Object(App\Controllers\Home))
#3 C:\xampp1\htdocs\FP-PBKK\vendor\codeigniter4\framework\system\CodeIgniter.php(326): CodeIgniter\CodeIgniter->handleRequest(NULL, Object(Config\Cache), false)
#4 C:\xampp1\htdocs\FP-PBKK\public\index.php(37): CodeIgniter\CodeIgniter->run()
#5 C:\xampp1\htdocs\FP-PBKK\vendor\codeigniter4\framework\system\Commands\Server\rewrite.php(43): require_once('C:\\xampp1\\htdoc...')
#6 {main}
CRITICAL - 2023-12-17 08:20:08 --> Trying to access array offset on value of type null
#0 C:\xampp1\htdocs\FP-PBKK\app\Controllers\Home.php(26): CodeIgniter\Debug\Exceptions->errorHandler(2, 'Trying to acces...', 'C:\\xampp1\\htdoc...', 26)
#1 C:\xampp1\htdocs\FP-PBKK\vendor\codeigniter4\framework\system\CodeIgniter.php(832): App\Controllers\Home->index()
#2 C:\xampp1\htdocs\FP-PBKK\vendor\codeigniter4\framework\system\CodeIgniter.php(419): CodeIgniter\CodeIgniter->runController(Object(App\Controllers\Home))
#3 C:\xampp1\htdocs\FP-PBKK\vendor\codeigniter4\framework\system\CodeIgniter.php(326): CodeIgniter\CodeIgniter->handleRequest(NULL, Object(Config\Cache), false)
#4 C:\xampp1\htdocs\FP-PBKK\public\index.php(37): CodeIgniter\CodeIgniter->run()
#5 C:\xampp1\htdocs\FP-PBKK\vendor\codeigniter4\framework\system\Commands\Server\rewrite.php(43): require_once('C:\\xampp1\\htdoc...')
#6 {main}
CRITICAL - 2023-12-17 08:20:09 --> Trying to access array offset on value of type null
#0 C:\xampp1\htdocs\FP-PBKK\app\Controllers\Home.php(26): CodeIgniter\Debug\Exceptions->errorHandler(2, 'Trying to acces...', 'C:\\xampp1\\htdoc...', 26)
#1 C:\xampp1\htdocs\FP-PBKK\vendor\codeigniter4\framework\system\CodeIgniter.php(832): App\Controllers\Home->index()
#2 C:\xampp1\htdocs\FP-PBKK\vendor\codeigniter4\framework\system\CodeIgniter.php(419): CodeIgniter\CodeIgniter->runController(Object(App\Controllers\Home))
#3 C:\xampp1\htdocs\FP-PBKK\vendor\codeigniter4\framework\system\CodeIgniter.php(326): CodeIgniter\CodeIgniter->handleRequest(NULL, Object(Config\Cache), false)
#4 C:\xampp1\htdocs\FP-PBKK\public\index.php(37): CodeIgniter\CodeIgniter->run()
#5 C:\xampp1\htdocs\FP-PBKK\vendor\codeigniter4\framework\system\Commands\Server\rewrite.php(43): require_once('C:\\xampp1\\htdoc...')
#6 {main}
CRITICAL - 2023-12-17 08:20:09 --> Trying to access array offset on value of type null
#0 C:\xampp1\htdocs\FP-PBKK\app\Controllers\Home.php(26): CodeIgniter\Debug\Exceptions->errorHandler(2, 'Trying to acces...', 'C:\\xampp1\\htdoc...', 26)
#1 C:\xampp1\htdocs\FP-PBKK\vendor\codeigniter4\framework\system\CodeIgniter.php(832): App\Controllers\Home->index()
#2 C:\xampp1\htdocs\FP-PBKK\vendor\codeigniter4\framework\system\CodeIgniter.php(419): CodeIgniter\CodeIgniter->runController(Object(App\Controllers\Home))
#3 C:\xampp1\htdocs\FP-PBKK\vendor\codeigniter4\framework\system\CodeIgniter.php(326): CodeIgniter\CodeIgniter->handleRequest(NULL, Object(Config\Cache), false)
#4 C:\xampp1\htdocs\FP-PBKK\public\index.php(37): CodeIgniter\CodeIgniter->run()
#5 C:\xampp1\htdocs\FP-PBKK\vendor\codeigniter4\framework\system\Commands\Server\rewrite.php(43): require_once('C:\\xampp1\\htdoc...')
#6 {main}
CRITICAL - 2023-12-17 08:20:09 --> Trying to access array offset on value of type null
#0 C:\xampp1\htdocs\FP-PBKK\app\Controllers\Home.php(26): CodeIgniter\Debug\Exceptions->errorHandler(2, 'Trying to acces...', 'C:\\xampp1\\htdoc...', 26)
#1 C:\xampp1\htdocs\FP-PBKK\vendor\codeigniter4\framework\system\CodeIgniter.php(832): App\Controllers\Home->index()
#2 C:\xampp1\htdocs\FP-PBKK\vendor\codeigniter4\framework\system\CodeIgniter.php(419): CodeIgniter\CodeIgniter->runController(Object(App\Controllers\Home))
#3 C:\xampp1\htdocs\FP-PBKK\vendor\codeigniter4\framework\system\CodeIgniter.php(326): CodeIgniter\CodeIgniter->handleRequest(NULL, Object(Config\Cache), false)
#4 C:\xampp1\htdocs\FP-PBKK\public\index.php(37): CodeIgniter\CodeIgniter->run()
#5 C:\xampp1\htdocs\FP-PBKK\vendor\codeigniter4\framework\system\Commands\Server\rewrite.php(43): require_once('C:\\xampp1\\htdoc...')
#6 {main}
CRITICAL - 2023-12-17 08:23:32 --> Trying to access array offset on value of type null
#0 C:\xampp1\htdocs\FP-PBKK\app\Controllers\Home.php(26): CodeIgniter\Debug\Exceptions->errorHandler(2, 'Trying to acces...', 'C:\\xampp1\\htdoc...', 26)
#1 C:\xampp1\htdocs\FP-PBKK\vendor\codeigniter4\framework\system\CodeIgniter.php(832): App\Controllers\Home->index()
#2 C:\xampp1\htdocs\FP-PBKK\vendor\codeigniter4\framework\system\CodeIgniter.php(419): CodeIgniter\CodeIgniter->runController(Object(App\Controllers\Home))
#3 C:\xampp1\htdocs\FP-PBKK\vendor\codeigniter4\framework\system\CodeIgniter.php(326): CodeIgniter\CodeIgniter->handleRequest(NULL, Object(Config\Cache), false)
#4 C:\xampp1\htdocs\FP-PBKK\public\index.php(37): CodeIgniter\CodeIgniter->run()
#5 C:\xampp1\htdocs\FP-PBKK\vendor\codeigniter4\framework\system\Commands\Server\rewrite.php(43): require_once('C:\\xampp1\\htdoc...')
#6 {main}
CRITICAL - 2023-12-17 08:23:34 --> Trying to access array offset on value of type null
#0 C:\xampp1\htdocs\FP-PBKK\app\Controllers\Home.php(26): CodeIgniter\Debug\Exceptions->errorHandler(2, 'Trying to acces...', 'C:\\xampp1\\htdoc...', 26)
#1 C:\xampp1\htdocs\FP-PBKK\vendor\codeigniter4\framework\system\CodeIgniter.php(832): App\Controllers\Home->index()
#2 C:\xampp1\htdocs\FP-PBKK\vendor\codeigniter4\framework\system\CodeIgniter.php(419): CodeIgniter\CodeIgniter->runController(Object(App\Controllers\Home))
#3 C:\xampp1\htdocs\FP-PBKK\vendor\codeigniter4\framework\system\CodeIgniter.php(326): CodeIgniter\CodeIgniter->handleRequest(NULL, Object(Config\Cache), false)
#4 C:\xampp1\htdocs\FP-PBKK\public\index.php(37): CodeIgniter\CodeIgniter->run()
#5 C:\xampp1\htdocs\FP-PBKK\vendor\codeigniter4\framework\system\Commands\Server\rewrite.php(43): require_once('C:\\xampp1\\htdoc...')
#6 {main}
CRITICAL - 2023-12-17 08:23:34 --> Trying to access array offset on value of type null
#0 C:\xampp1\htdocs\FP-PBKK\app\Controllers\Home.php(26): CodeIgniter\Debug\Exceptions->errorHandler(2, 'Trying to acces...', 'C:\\xampp1\\htdoc...', 26)
#1 C:\xampp1\htdocs\FP-PBKK\vendor\codeigniter4\framework\system\CodeIgniter.php(832): App\Controllers\Home->index()
#2 C:\xampp1\htdocs\FP-PBKK\vendor\codeigniter4\framework\system\CodeIgniter.php(419): CodeIgniter\CodeIgniter->runController(Object(App\Controllers\Home))
#3 C:\xampp1\htdocs\FP-PBKK\vendor\codeigniter4\framework\system\CodeIgniter.php(326): CodeIgniter\CodeIgniter->handleRequest(NULL, Object(Config\Cache), false)
#4 C:\xampp1\htdocs\FP-PBKK\public\index.php(37): CodeIgniter\CodeIgniter->run()
#5 C:\xampp1\htdocs\FP-PBKK\vendor\codeigniter4\framework\system\Commands\Server\rewrite.php(43): require_once('C:\\xampp1\\htdoc...')
#6 {main}
CRITICAL - 2023-12-17 08:23:35 --> Trying to access array offset on value of type null
#0 C:\xampp1\htdocs\FP-PBKK\app\Controllers\Home.php(26): CodeIgniter\Debug\Exceptions->errorHandler(2, 'Trying to acces...', 'C:\\xampp1\\htdoc...', 26)
#1 C:\xampp1\htdocs\FP-PBKK\vendor\codeigniter4\framework\system\CodeIgniter.php(832): App\Controllers\Home->index()
#2 C:\xampp1\htdocs\FP-PBKK\vendor\codeigniter4\framework\system\CodeIgniter.php(419): CodeIgniter\CodeIgniter->runController(Object(App\Controllers\Home))
#3 C:\xampp1\htdocs\FP-PBKK\vendor\codeigniter4\framework\system\CodeIgniter.php(326): CodeIgniter\CodeIgniter->handleRequest(NULL, Object(Config\Cache), false)
#4 C:\xampp1\htdocs\FP-PBKK\public\index.php(37): CodeIgniter\CodeIgniter->run()
#5 C:\xampp1\htdocs\FP-PBKK\vendor\codeigniter4\framework\system\Commands\Server\rewrite.php(43): require_once('C:\\xampp1\\htdoc...')
#6 {main}
CRITICAL - 2023-12-17 08:25:23 --> Trying to access array offset on value of type null
#0 C:\xampp1\htdocs\FP-PBKK\app\Controllers\Home.php(26): CodeIgniter\Debug\Exceptions->errorHandler(2, 'Trying to acces...', 'C:\\xampp1\\htdoc...', 26)
#1 C:\xampp1\htdocs\FP-PBKK\vendor\codeigniter4\framework\system\CodeIgniter.php(832): App\Controllers\Home->index()
#2 C:\xampp1\htdocs\FP-PBKK\vendor\codeigniter4\framework\system\CodeIgniter.php(419): CodeIgniter\CodeIgniter->runController(Object(App\Controllers\Home))
#3 C:\xampp1\htdocs\FP-PBKK\vendor\codeigniter4\framework\system\CodeIgniter.php(326): CodeIgniter\CodeIgniter->handleRequest(NULL, Object(Config\Cache), false)
#4 C:\xampp1\htdocs\FP-PBKK\public\index.php(37): CodeIgniter\CodeIgniter->run()
#5 C:\xampp1\htdocs\FP-PBKK\vendor\codeigniter4\framework\system\Commands\Server\rewrite.php(43): require_once('C:\\xampp1\\htdoc...')
#6 {main}
CRITICAL - 2023-12-17 08:30:16 --> Trying to access array offset on value of type null
#0 C:\xampp1\htdocs\FP-PBKK\app\Controllers\Home.php(26): CodeIgniter\Debug\Exceptions->errorHandler(2, 'Trying to acces...', 'C:\\xampp1\\htdoc...', 26)
#1 C:\xampp1\htdocs\FP-PBKK\vendor\codeigniter4\framework\system\CodeIgniter.php(832): App\Controllers\Home->index()
#2 C:\xampp1\htdocs\FP-PBKK\vendor\codeigniter4\framework\system\CodeIgniter.php(419): CodeIgniter\CodeIgniter->runController(Object(App\Controllers\Home))
#3 C:\xampp1\htdocs\FP-PBKK\vendor\codeigniter4\framework\system\CodeIgniter.php(326): CodeIgniter\CodeIgniter->handleRequest(NULL, Object(Config\Cache), false)
#4 C:\xampp1\htdocs\FP-PBKK\public\index.php(37): CodeIgniter\CodeIgniter->run()
#5 C:\xampp1\htdocs\FP-PBKK\vendor\codeigniter4\framework\system\Commands\Server\rewrite.php(43): require_once('C:\\xampp1\\htdoc...')
#6 {main}
CRITICAL - 2023-12-17 08:37:12 --> Trying to access array offset on value of type null
#0 C:\xampp1\htdocs\FP-PBKK\app\Controllers\Admin\Socials.php(48): CodeIgniter\Debug\Exceptions->errorHandler(2, 'Trying to acces...', 'C:\\xampp1\\htdoc...', 48)
#1 C:\xampp1\htdocs\FP-PBKK\vendor\codeigniter4\framework\system\CodeIgniter.php(832): App\Controllers\Admin\Socials->index()
#2 C:\xampp1\htdocs\FP-PBKK\vendor\codeigniter4\framework\system\CodeIgniter.php(419): CodeIgniter\CodeIgniter->runController(Object(App\Controllers\Admin\Socials))
#3 C:\xampp1\htdocs\FP-PBKK\vendor\codeigniter4\framework\system\CodeIgniter.php(326): CodeIgniter\CodeIgniter->handleRequest(NULL, Object(Config\Cache), false)
#4 C:\xampp1\htdocs\FP-PBKK\public\index.php(37): CodeIgniter\CodeIgniter->run()
#5 C:\xampp1\htdocs\FP-PBKK\vendor\codeigniter4\framework\system\Commands\Server\rewrite.php(43): require_once('C:\\xampp1\\htdoc...')
#6 {main}
CRITICAL - 2023-12-17 09:03:34 --> Trying to access array offset on value of type null
#0 C:\xampp1\htdocs\FP-PBKK\app\Controllers\Admin\Socials.php(48): CodeIgniter\Debug\Exceptions->errorHandler(2, 'Trying to acces...', 'C:\\xampp1\\htdoc...', 48)
#1 C:\xampp1\htdocs\FP-PBKK\vendor\codeigniter4\framework\system\CodeIgniter.php(832): App\Controllers\Admin\Socials->index()
#2 C:\xampp1\htdocs\FP-PBKK\vendor\codeigniter4\framework\system\CodeIgniter.php(419): CodeIgniter\CodeIgniter->runController(Object(App\Controllers\Admin\Socials))
#3 C:\xampp1\htdocs\FP-PBKK\vendor\codeigniter4\framework\system\CodeIgniter.php(326): CodeIgniter\CodeIgniter->handleRequest(NULL, Object(Config\Cache), false)
#4 C:\xampp1\htdocs\FP-PBKK\public\index.php(37): CodeIgniter\CodeIgniter->run()
#5 C:\xampp1\htdocs\FP-PBKK\vendor\codeigniter4\framework\system\Commands\Server\rewrite.php(43): require_once('C:\\xampp1\\htdoc...')
#6 {main}
CRITICAL - 2023-12-17 09:03:41 --> Trying to access array offset on value of type null
#0 C:\xampp1\htdocs\FP-PBKK\app\Controllers\Admin\Socials.php(48): CodeIgniter\Debug\Exceptions->errorHandler(2, 'Trying to acces...', 'C:\\xampp1\\htdoc...', 48)
#1 C:\xampp1\htdocs\FP-PBKK\vendor\codeigniter4\framework\system\CodeIgniter.php(832): App\Controllers\Admin\Socials->index()
#2 C:\xampp1\htdocs\FP-PBKK\vendor\codeigniter4\framework\system\CodeIgniter.php(419): CodeIgniter\CodeIgniter->runController(Object(App\Controllers\Admin\Socials))
#3 C:\xampp1\htdocs\FP-PBKK\vendor\codeigniter4\framework\system\CodeIgniter.php(326): CodeIgniter\CodeIgniter->handleRequest(NULL, Object(Config\Cache), false)
#4 C:\xampp1\htdocs\FP-PBKK\public\index.php(37): CodeIgniter\CodeIgniter->run()
#5 C:\xampp1\htdocs\FP-PBKK\vendor\codeigniter4\framework\system\Commands\Server\rewrite.php(43): require_once('C:\\xampp1\\htdoc...')
#6 {main}
CRITICAL - 2023-12-17 09:05:47 --> Trying to access array offset on value of type null
#0 C:\xampp1\htdocs\FP-PBKK\app\Controllers\Home.php(26): CodeIgniter\Debug\Exceptions->errorHandler(2, 'Trying to acces...', 'C:\\xampp1\\htdoc...', 26)
#1 C:\xampp1\htdocs\FP-PBKK\vendor\codeigniter4\framework\system\CodeIgniter.php(832): App\Controllers\Home->index()
#2 C:\xampp1\htdocs\FP-PBKK\vendor\codeigniter4\framework\system\CodeIgniter.php(419): CodeIgniter\CodeIgniter->runController(Object(App\Controllers\Home))
#3 C:\xampp1\htdocs\FP-PBKK\vendor\codeigniter4\framework\system\CodeIgniter.php(326): CodeIgniter\CodeIgniter->handleRequest(NULL, Object(Config\Cache), false)
#4 C:\xampp1\htdocs\FP-PBKK\public\index.php(37): CodeIgniter\CodeIgniter->run()
#5 C:\xampp1\htdocs\FP-PBKK\vendor\codeigniter4\framework\system\Commands\Server\rewrite.php(43): require_once('C:\\xampp1\\htdoc...')
#6 {main}
CRITICAL - 2023-12-17 09:10:11 --> Trying to access array offset on value of type null
#0 C:\xampp1\htdocs\FP-PBKK\app\Controllers\Home.php(26): CodeIgniter\Debug\Exceptions->errorHandler(2, 'Trying to acces...', 'C:\\xampp1\\htdoc...', 26)
#1 C:\xampp1\htdocs\FP-PBKK\vendor\codeigniter4\framework\system\CodeIgniter.php(832): App\Controllers\Home->index()
#2 C:\xampp1\htdocs\FP-PBKK\vendor\codeigniter4\framework\system\CodeIgniter.php(419): CodeIgniter\CodeIgniter->runController(Object(App\Controllers\Home))
#3 C:\xampp1\htdocs\FP-PBKK\vendor\codeigniter4\framework\system\CodeIgniter.php(326): CodeIgniter\CodeIgniter->handleRequest(NULL, Object(Config\Cache), false)
#4 C:\xampp1\htdocs\FP-PBKK\public\index.php(37): CodeIgniter\CodeIgniter->run()
#5 C:\xampp1\htdocs\FP-PBKK\vendor\codeigniter4\framework\system\Commands\Server\rewrite.php(43): require_once('C:\\xampp1\\htdoc...')
#6 {main}
CRITICAL - 2023-12-17 09:10:12 --> Trying to access array offset on value of type null
#0 C:\xampp1\htdocs\FP-PBKK\app\Controllers\Home.php(26): CodeIgniter\Debug\Exceptions->errorHandler(2, 'Trying to acces...', 'C:\\xampp1\\htdoc...', 26)
#1 C:\xampp1\htdocs\FP-PBKK\vendor\codeigniter4\framework\system\CodeIgniter.php(832): App\Controllers\Home->index()
#2 C:\xampp1\htdocs\FP-PBKK\vendor\codeigniter4\framework\system\CodeIgniter.php(419): CodeIgniter\CodeIgniter->runController(Object(App\Controllers\Home))
#3 C:\xampp1\htdocs\FP-PBKK\vendor\codeigniter4\framework\system\CodeIgniter.php(326): CodeIgniter\CodeIgniter->handleRequest(NULL, Object(Config\Cache), false)
#4 C:\xampp1\htdocs\FP-PBKK\public\index.php(37): CodeIgniter\CodeIgniter->run()
#5 C:\xampp1\htdocs\FP-PBKK\vendor\codeigniter4\framework\system\Commands\Server\rewrite.php(43): require_once('C:\\xampp1\\htdoc...')
#6 {main}
CRITICAL - 2023-12-17 09:13:58 --> Trying to access array offset on value of type null
#0 C:\xampp1\htdocs\FP-PBKK\app\Controllers\Home.php(26): CodeIgniter\Debug\Exceptions->errorHandler(2, 'Trying to acces...', 'C:\\xampp1\\htdoc...', 26)
#1 C:\xampp1\htdocs\FP-PBKK\vendor\codeigniter4\framework\system\CodeIgniter.php(832): App\Controllers\Home->index()
#2 C:\xampp1\htdocs\FP-PBKK\vendor\codeigniter4\framework\system\CodeIgniter.php(419): CodeIgniter\CodeIgniter->runController(Object(App\Controllers\Home))
#3 C:\xampp1\htdocs\FP-PBKK\vendor\codeigniter4\framework\system\CodeIgniter.php(326): CodeIgniter\CodeIgniter->handleRequest(NULL, Object(Config\Cache), false)
#4 C:\xampp1\htdocs\FP-PBKK\public\index.php(37): CodeIgniter\CodeIgniter->run()
#5 C:\xampp1\htdocs\FP-PBKK\vendor\codeigniter4\framework\system\Commands\Server\rewrite.php(43): require_once('C:\\xampp1\\htdoc...')
#6 {main}
